Start testing: May 19 20:43 MSK
----------------------------------------------------------
1/1 Testing: check
1/1 Test: check
Command: "/home/georgiy/3Wc4YEM5/RK2an/_build/check"
Directory: /home/georgiy/3Wc4YEM5/RK2an/_build
"check" start time: May 19 20:43 MSK
Output:
----------------------------------------------------------
Running main() from /home/georgiy/3Wc4YEM5/RK2an/third-party/gtest/googletest/src/gtest_main.cc
[==========] Running 3 tests from 3 test suites.
[----------] Global test environment set-up.
[----------] 1 test from PrintMonsterInfoTest1
[ RUN      ] PrintMonsterInfoTest1.Slime
[       OK ] PrintMonsterInfoTest1.Slime (0 ms)
[----------] 1 test from PrintMonsterInfoTest1 (0 ms total)

[----------] 1 test from PrintMonsterInfoTest2
[ RUN      ] PrintMonsterInfoTest2.Goblin
[       OK ] PrintMonsterInfoTest2.Goblin (0 ms)
[----------] 1 test from PrintMonsterInfoTest2 (0 ms total)

[----------] 1 test from PrintMonsterInfoTest3
[ RUN      ] PrintMonsterInfoTest3.Dragon
[       OK ] PrintMonsterInfoTest3.Dragon (0 ms)
[----------] 1 test from PrintMonsterInfoTest3 (0 ms total)

[----------] Global test environment tear-down
[==========] 3 tests from 3 test suites ran. (0 ms total)
[  PASSED  ] 3 tests.
<end of output>
Test time =   0.00 sec
----------------------------------------------------------
Test Passed.
"check" end time: May 19 20:43 MSK
"check" time elapsed: 00:00:00
----------------------------------------------------------

End testing: May 19 20:43 MSK
